<?xml version="1.0" encoding="UTF-8"?>
<!-- Generated by org.testng.reporters.JUnitXMLReporter -->
<testsuite ignored="0" hostname="LAPTOP-9AUSQCT6" failures="2" tests="2" name="Test" time="63.976" errors="0" timestamp="2024-08-20T21:48:13 EDT">
  <testcase classname="io.cucumber.testng.AbstractTestNGCucumberTests" name="runScenario" time="46.786">
    <failure type="org.openqa.selenium.NoSuchElementException" message="Cannot locate option with text: 3 Series
For documentation on this error, please visit: https://www.selenium.dev/documentation/webdriver/troubleshooting/errors#no-such-element-exception
Build info: version: &amp;apos;4.22.0&amp;apos;, revision: &amp;apos;c5f3146703*&amp;apos;
System info: os.name: &amp;apos;Windows 11&amp;apos;, os.arch: &amp;apos;amd64&amp;apos;, os.version: &amp;apos;10.0&amp;apos;, java.version: &amp;apos;11.0.23&amp;apos;
Driver info: driver.version: unknown">
      <![CDATA[org.openqa.selenium.NoSuchElementException: Cannot locate option with text: 3 Series
For documentation on this error, please visit: https://www.selenium.dev/documentation/webdriver/troubleshooting/errors#no-such-element-exception
Build info: version: '4.22.0', revision: 'c5f3146703*'
System info: os.name: 'Windows 11', os.arch: 'amd64', os.version: '10.0', java.version: '11.0.23'
Driver info: driver.version: unknown
at org.openqa.selenium.support.ui.Select.selectByVisibleText(Select.java:153)
at pages.actions.SearchCarsPage.selectCarModelOnSearchPage(SearchCarsPage.java:76)
at steps.SearchCarsSteps.i_eneter_as_car_model(SearchCarsSteps.java:43)
at ✽.I enter "3 Series" as car model(file:///C:/Users/bhutt/Cucumber_PageObjectModel/src/test/resources/features/SearchCars.feature:15)
]]>
    </failure>
  </testcase> <!-- runScenario -->
  <testcase classname="io.cucumber.testng.AbstractTestNGCucumberTests" name="runScenario" time="15.292">
    <failure type="java.lang.UnsupportedOperationException" message="You may not select an option in disabled select">
      <![CDATA[java.lang.UnsupportedOperationException: You may not select an option in disabled select
at org.openqa.selenium.support.ui.Select.assertSelectIsEnabled(Select.java:327)
at org.openqa.selenium.support.ui.Select.selectByVisibleText(Select.java:111)
at pages.actions.UsedCarsPage.selectCarModelOnUserCarSearchPage(UsedCarsPage.java:39)
at steps.UsedCarsSteps.i_select_a_car_model_on_used_car_page(UsedCarsSteps.java:36)
at ✽.I select a car model on used car page(file:///C:/Users/bhutt/Cucumber_PageObjectModel/src/test/resources/features/UsedSearchCars.feature:15)
]]>
    </failure>
  </testcase> <!-- runScenario -->
</testsuite> <!-- Test -->
