<html>
<head>
<title>TestNG:  Test</title>
<link href="../testng.css" rel="stylesheet" type="text/css" />
<link href="../my-testng.css" rel="stylesheet" type="text/css" />

<style type="text/css">
.log { display: none;} 
.stack-trace { display: none;} 
</style>
<script type="text/javascript">
<!--
function flip(e) {
  current = e.style.display;
  if (current == 'block') {
    e.style.display = 'none';
    return 0;
  }
  else {
    e.style.display = 'block';
    return 1;
  }
}

function toggleBox(szDivId, elem, msg1, msg2)
{
  var res = -1;  if (document.getElementById) {
    res = flip(document.getElementById(szDivId));
  }
  else if (document.all) {
    // this is the way old msie versions work
    res = flip(document.all[szDivId]);
  }
  if(elem) {
    if(res == 0) elem.innerHTML = msg1; else elem.innerHTML = msg2;
  }

}

function toggleAllBoxes() {
  if (document.getElementsByTagName) {
    d = document.getElementsByTagName('div');
    for (i = 0; i < d.length; i++) {
      if (d[i].className == 'log') {
        flip(d[i]);
      }
    }
  }
}

// -->
</script>

</head>
<body>
<h2 align='center'>Test</h2><table border='1' align="center">
<tr>
<td>Tests passed/Failed/Skipped:</td><td>0/2/0</td>
</tr><tr>
<td>Started on:</td><td>Tue Aug 20 21:47:09 EDT 2024</td>
</tr>
<tr><td>Total time:</td><td>63 seconds (63976 ms)</td>
</tr><tr>
<td>Included groups:</td><td></td>
</tr><tr>
<td>Excluded groups:</td><td></td>
</tr>
</table><p/>
<small><i>(Hover the method name to see the test class name)</i></small><p/>
<table width='100%' border='1' class='invocation-failed'>
<tr><td colspan='4' align='center'><b>FAILED TESTS</b></td></tr>
<tr><td><b>Test method</b></td>
<td><b>Attribute(s)</b></td>
<td width="30%"><b>Exception</b></td>
<td width="10%"><b>Time (seconds)</b></td>
<td><b>Instance</b></td>
</tr>
<tr>
<td title='runner.RunCuke.runScenario()'><b>runScenario</b><br>Test class: runner.RunCuke<br>Test method: Runs Cucumber Scenarios<br>Parameters: "Validate search cars page", "Acceptance testing to validate search cars page is working fine"</td>
<td><div><pre>java.lang.UnsupportedOperationException: You may not select an option in disabled select
	at org.openqa.selenium.support.ui.Select.assertSelectIsEnabled(Select.java:327)
	at org.openqa.selenium.support.ui.Select.selectByVisibleText(Select.java:111)
	at pages.actions.UsedCarsPage.selectCarModelOnUserCarSearchPage(UsedCarsPage.java:39)
	at steps.UsedCarsSteps.i_select_a_car_model_on_used_car_page(UsedCarsSteps.java:36)
	at ✽.I select a car model on used car page(file:///C:/Users/bhutt/Cucumber_PageObjectModel/src/test/resources/features/UsedSearchCars.feature:15)
</pre></div><a href='#' onClick='toggleBox("stack-trace1204267493", this, "Click to show all stack frames", "Click to hide stack frames")'>Click to show all stack frames</a>
<div class='stack-trace' id='stack-trace1204267493'><pre>java.lang.UnsupportedOperationException: You may not select an option in disabled select
	at org.openqa.selenium.support.ui.Select.assertSelectIsEnabled(Select.java:327)
	at org.openqa.selenium.support.ui.Select.selectByVisibleText(Select.java:111)
	at pages.actions.UsedCarsPage.selectCarModelOnUserCarSearchPage(UsedCarsPage.java:39)
	at steps.UsedCarsSteps.i_select_a_car_model_on_used_car_page(UsedCarsSteps.java:36)
	at ✽.I select a car model on used car page(file:///C:/Users/bhutt/Cucumber_PageObjectModel/src/test/resources/features/UsedSearchCars.feature:15)
</pre></div></td>
<td>15</td>
<td>runner.RunCuke@7188af83</td></tr>
<tr>
<td title='runner.RunCuke.runScenario()'><b>runScenario</b><br>Test class: runner.RunCuke<br>Test method: Runs Cucumber Scenarios<br>Parameters: "Validate search new cars page", "Acceptance testing to validate search cars page is working fine"</td>
<td><div><pre>org.openqa.selenium.NoSuchElementException: Cannot locate option with text: 3 Series
For documentation on this error, please visit: https://www.selenium.dev/documentation/webdriver/troubleshooting/errors#no-such-element-exception
Build info: version: &apos;4.22.0&apos;, revision: &apos;c5f3146703*&apos;
System info: os.name: &apos;Windows 11&apos;, os.arch: &apos;amd64&apos;, os.version: &apos;10.0&apos;, java.version: &apos;11.0.23&apos;
Driver info: driver.version: unknown
	at org.openqa.selenium.support.ui.Select.selectByVisibleText(Select.java:153)
	at pages.actions.SearchCarsPage.selectCarModelOnSearchPage(SearchCarsPage.java:76)
	at steps.SearchCarsSteps.i_eneter_as_car_model(SearchCarsSteps.java:43)
	at ✽.I enter &quot;3 Series&quot; as car model(file:///C:/Users/bhutt/Cucumber_PageObjectModel/src/test/resources/features/SearchCars.feature:15)
</pre></div><a href='#' onClick='toggleBox("stack-trace454248060", this, "Click to show all stack frames", "Click to hide stack frames")'>Click to show all stack frames</a>
<div class='stack-trace' id='stack-trace454248060'><pre>org.openqa.selenium.NoSuchElementException: Cannot locate option with text: 3 Series
For documentation on this error, please visit: https://www.selenium.dev/documentation/webdriver/troubleshooting/errors#no-such-element-exception
Build info: version: &apos;4.22.0&apos;, revision: &apos;c5f3146703*&apos;
System info: os.name: &apos;Windows 11&apos;, os.arch: &apos;amd64&apos;, os.version: &apos;10.0&apos;, java.version: &apos;11.0.23&apos;
Driver info: driver.version: unknown
	at org.openqa.selenium.support.ui.Select.selectByVisibleText(Select.java:153)
	at pages.actions.SearchCarsPage.selectCarModelOnSearchPage(SearchCarsPage.java:76)
	at steps.SearchCarsSteps.i_eneter_as_car_model(SearchCarsSteps.java:43)
	at ✽.I enter &quot;3 Series&quot; as car model(file:///C:/Users/bhutt/Cucumber_PageObjectModel/src/test/resources/features/SearchCars.feature:15)
</pre></div></td>
<td>46</td>
<td>runner.RunCuke@7188af83</td></tr>
</table><p>
</body>
</html>